<?xml version="1.0" encoding="UTF-8"?>
<!-- Generated by org.testng.reporters.JUnitReportReporter -->
<testsuite hostname="LAPTOP-NMTPTJ3T" failures="0" tests="2" name="tests.LoginTest" time="41.267" errors="0" timestamp="2023-05-07T16:12:21 IST" skipped="0">
  <testcase classname="tests.LoginTest" name="login" time="27.000"/>
  <system-out/>
  <testcase classname="tests.LoginTest" name="login" time="14.267"/>
  <system-out/>
</testsuite> <!-- tests.LoginTest -->
