<?xml version="1.0" encoding="UTF-8"?>
<!-- Generated by org.testng.reporters.JUnitReportReporter -->
<testsuite hostname="LAPTOP-NMTPTJ3T" failures="0" tests="1" name="tests.TwoTest" time="9.725" errors="0" timestamp="2023-05-07T16:12:21 IST" skipped="0">
  <testcase classname="tests.TwoTest" name="testTwo" time="9.725"/>
  <system-out/>
</testsuite> <!-- tests.TwoTest -->
