<?xml version="1.0" encoding="UTF-8"?>
<!-- Generated by org.testng.reporters.JUnitReportReporter -->
<testsuite hostname="LAPTOP-NMTPTJ3T" failures="0" tests="2" name="tests.LoginTest" time="39.737" errors="0" timestamp="2023-05-06T22:21:41 IST" skipped="0">
  <testcase classname="tests.LoginTest" name="login" time="23.771"/>
  <system-out/>
  <testcase classname="tests.LoginTest" name="login" time="15.966"/>
  <system-out/>
</testsuite> <!-- tests.LoginTest -->
