<?xml version="1.0" encoding="UTF-8"?>
<!-- Generated by org.testng.reporters.JUnitReportReporter -->
<testsuite hostname="LAPTOP-NMTPTJ3T" failures="0" tests="1" name="tests.TwoTest" time="0.007" errors="0" timestamp="2023-05-06T22:21:41 IST" skipped="0">
  <testcase classname="tests.TwoTest" name="testTwo" time="0.007"/>
  <system-out/>
</testsuite> <!-- tests.TwoTest -->
